<?xml version="1.0" encoding="UTF-8"?>
<robot generator="Robot 3.1.1 (Python 3.6.9 on linux)" generated="20200220 19:07:03.420" rpa="false">
<suite id="s1" name="Tabla" source="/home/juan/Documentos/GIT/ejercicios_robot_framework/recorrer_tabla/tabla.robot">
<test id="s1-t1" name="TC001 Obtener Paises">
<kw name="Open Browser" library="SeleniumLibrary">
<doc>Opens a new browser instance to the given ``url``.</doc>
<arguments>
<arg>https://www.w3schools.com/html/html_tables.asp</arg>
<arg>chrome</arg>
</arguments>
<msg timestamp="20200220 19:07:03.536" level="INFO">Opening browser 'chrome' to base url 'https://www.w3schools.com/html/html_tables.asp'.</msg>
<status status="PASS" starttime="20200220 19:07:03.536" endtime="20200220 19:07:08.214"></status>
</kw>
<kw name="Maximize Browser Window" library="SeleniumLibrary">
<doc>Maximizes current browser window.</doc>
<status status="PASS" starttime="20200220 19:07:08.215" endtime="20200220 19:07:08.357"></status>
</kw>
<kw name="${index} IN RANGE [ 2 | 8 ]" type="for">
<kw name="${index} = 2" type="foritem">
<kw name="Wait Until Element Is Visible" library="SeleniumLibrary">
<doc>Waits until element ``locator`` is visible.</doc>
<arguments>
<arg>xpath=//table[@id="customers"]//tr[${index}]/td[1]</arg>
</arguments>
<status status="PASS" starttime="20200220 19:07:08.358" endtime="20200220 19:07:08.424"></status>
</kw>
<kw name="Get Text" library="SeleniumLibrary">
<doc>Returns the text value of element identified by ``locator``.</doc>
<arguments>
<arg>xpath=//table[@id="customers"]//tr[${index}]/td[3]</arg>
</arguments>
<assign>
<var>${var}</var>
</assign>
<msg timestamp="20200220 19:07:08.453" level="INFO">${var} = Germany</msg>
<status status="PASS" starttime="20200220 19:07:08.424" endtime="20200220 19:07:08.453"></status>
</kw>
<kw name="Append To List" library="Collections">
<doc>Adds ``values`` to the end of ``list``.</doc>
<arguments>
<arg>${lista}</arg>
<arg>${var}</arg>
</arguments>
<status status="PASS" starttime="20200220 19:07:08.453" endtime="20200220 19:07:08.454"></status>
</kw>
<status status="PASS" starttime="20200220 19:07:08.357" endtime="20200220 19:07:08.454"></status>
</kw>
<kw name="${index} = 3" type="foritem">
<kw name="Wait Until Element Is Visible" library="SeleniumLibrary">
<doc>Waits until element ``locator`` is visible.</doc>
<arguments>
<arg>xpath=//table[@id="customers"]//tr[${index}]/td[1]</arg>
</arguments>
<status status="PASS" starttime="20200220 19:07:08.454" endtime="20200220 19:07:08.477"></status>
</kw>
<kw name="Get Text" library="SeleniumLibrary">
<doc>Returns the text value of element identified by ``locator``.</doc>
<arguments>
<arg>xpath=//table[@id="customers"]//tr[${index}]/td[3]</arg>
</arguments>
<assign>
<var>${var}</var>
</assign>
<msg timestamp="20200220 19:07:08.498" level="INFO">${var} = Mexico</msg>
<status status="PASS" starttime="20200220 19:07:08.477" endtime="20200220 19:07:08.498"></status>
</kw>
<kw name="Append To List" library="Collections">
<doc>Adds ``values`` to the end of ``list``.</doc>
<arguments>
<arg>${lista}</arg>
<arg>${var}</arg>
</arguments>
<status status="PASS" starttime="20200220 19:07:08.498" endtime="20200220 19:07:08.498"></status>
</kw>
<status status="PASS" starttime="20200220 19:07:08.454" endtime="20200220 19:07:08.498"></status>
</kw>
<kw name="${index} = 4" type="foritem">
<kw name="Wait Until Element Is Visible" library="SeleniumLibrary">
<doc>Waits until element ``locator`` is visible.</doc>
<arguments>
<arg>xpath=//table[@id="customers"]//tr[${index}]/td[1]</arg>
</arguments>
<status status="PASS" starttime="20200220 19:07:08.498" endtime="20200220 19:07:08.519"></status>
</kw>
<kw name="Get Text" library="SeleniumLibrary">
<doc>Returns the text value of element identified by ``locator``.</doc>
<arguments>
<arg>xpath=//table[@id="customers"]//tr[${index}]/td[3]</arg>
</arguments>
<assign>
<var>${var}</var>
</assign>
<msg timestamp="20200220 19:07:08.550" level="INFO">${var} = Austria</msg>
<status status="PASS" starttime="20200220 19:07:08.519" endtime="20200220 19:07:08.550"></status>
</kw>
<kw name="Append To List" library="Collections">
<doc>Adds ``values`` to the end of ``list``.</doc>
<arguments>
<arg>${lista}</arg>
<arg>${var}</arg>
</arguments>
<status status="PASS" starttime="20200220 19:07:08.550" endtime="20200220 19:07:08.550"></status>
</kw>
<status status="PASS" starttime="20200220 19:07:08.498" endtime="20200220 19:07:08.550"></status>
</kw>
<kw name="${index} = 5" type="foritem">
<kw name="Wait Until Element Is Visible" library="SeleniumLibrary">
<doc>Waits until element ``locator`` is visible.</doc>
<arguments>
<arg>xpath=//table[@id="customers"]//tr[${index}]/td[1]</arg>
</arguments>
<status status="PASS" starttime="20200220 19:07:08.550" endtime="20200220 19:07:08.573"></status>
</kw>
<kw name="Get Text" library="SeleniumLibrary">
<doc>Returns the text value of element identified by ``locator``.</doc>
<arguments>
<arg>xpath=//table[@id="customers"]//tr[${index}]/td[3]</arg>
</arguments>
<assign>
<var>${var}</var>
</assign>
<msg timestamp="20200220 19:07:08.603" level="INFO">${var} = UK</msg>
<status status="PASS" starttime="20200220 19:07:08.574" endtime="20200220 19:07:08.603"></status>
</kw>
<kw name="Append To List" library="Collections">
<doc>Adds ``values`` to the end of ``list``.</doc>
<arguments>
<arg>${lista}</arg>
<arg>${var}</arg>
</arguments>
<status status="PASS" starttime="20200220 19:07:08.603" endtime="20200220 19:07:08.603"></status>
</kw>
<status status="PASS" starttime="20200220 19:07:08.550" endtime="20200220 19:07:08.603"></status>
</kw>
<kw name="${index} = 6" type="foritem">
<kw name="Wait Until Element Is Visible" library="SeleniumLibrary">
<doc>Waits until element ``locator`` is visible.</doc>
<arguments>
<arg>xpath=//table[@id="customers"]//tr[${index}]/td[1]</arg>
</arguments>
<status status="PASS" starttime="20200220 19:07:08.603" endtime="20200220 19:07:08.633"></status>
</kw>
<kw name="Get Text" library="SeleniumLibrary">
<doc>Returns the text value of element identified by ``locator``.</doc>
<arguments>
<arg>xpath=//table[@id="customers"]//tr[${index}]/td[3]</arg>
</arguments>
<assign>
<var>${var}</var>
</assign>
<msg timestamp="20200220 19:07:08.655" level="INFO">${var} = Canada</msg>
<status status="PASS" starttime="20200220 19:07:08.633" endtime="20200220 19:07:08.655"></status>
</kw>
<kw name="Append To List" library="Collections">
<doc>Adds ``values`` to the end of ``list``.</doc>
<arguments>
<arg>${lista}</arg>
<arg>${var}</arg>
</arguments>
<status status="PASS" starttime="20200220 19:07:08.655" endtime="20200220 19:07:08.656"></status>
</kw>
<status status="PASS" starttime="20200220 19:07:08.603" endtime="20200220 19:07:08.656"></status>
</kw>
<kw name="${index} = 7" type="foritem">
<kw name="Wait Until Element Is Visible" library="SeleniumLibrary">
<doc>Waits until element ``locator`` is visible.</doc>
<arguments>
<arg>xpath=//table[@id="customers"]//tr[${index}]/td[1]</arg>
</arguments>
<status status="PASS" starttime="20200220 19:07:08.656" endtime="20200220 19:07:08.682"></status>
</kw>
<kw name="Get Text" library="SeleniumLibrary">
<doc>Returns the text value of element identified by ``locator``.</doc>
<arguments>
<arg>xpath=//table[@id="customers"]//tr[${index}]/td[3]</arg>
</arguments>
<assign>
<var>${var}</var>
</assign>
<msg timestamp="20200220 19:07:08.702" level="INFO">${var} = Italy</msg>
<status status="PASS" starttime="20200220 19:07:08.682" endtime="20200220 19:07:08.702"></status>
</kw>
<kw name="Append To List" library="Collections">
<doc>Adds ``values`` to the end of ``list``.</doc>
<arguments>
<arg>${lista}</arg>
<arg>${var}</arg>
</arguments>
<status status="PASS" starttime="20200220 19:07:08.703" endtime="20200220 19:07:08.703"></status>
</kw>
<status status="PASS" starttime="20200220 19:07:08.656" endtime="20200220 19:07:08.703"></status>
</kw>
<status status="PASS" starttime="20200220 19:07:08.357" endtime="20200220 19:07:08.703"></status>
</kw>
<kw name="Log To Console" library="BuiltIn">
<doc>Logs the given message to the console.</doc>
<arguments>
<arg>********************************************************************************</arg>
</arguments>
<status status="PASS" starttime="20200220 19:07:08.703" endtime="20200220 19:07:08.703"></status>
</kw>
<kw name="Log To Console" library="BuiltIn">
<doc>Logs the given message to the console.</doc>
<arguments>
<arg>Listado de paises --&gt; ${lista}</arg>
</arguments>
<status status="PASS" starttime="20200220 19:07:08.703" endtime="20200220 19:07:08.704"></status>
</kw>
<kw name="Close Browser" library="SeleniumLibrary">
<doc>Closes the current browser.</doc>
<status status="PASS" starttime="20200220 19:07:08.704" endtime="20200220 19:07:08.762"></status>
</kw>
<doc>Se extrae de la tabla los nombre de los paises</doc>
<tags>
<tag>table</tag>
</tags>
<status status="PASS" starttime="20200220 19:07:03.535" endtime="20200220 19:07:08.763" critical="yes"></status>
</test>
<status status="PASS" starttime="20200220 19:07:03.421" endtime="20200220 19:07:08.764"></status>
</suite>
<statistics>
<total>
<stat pass="1" fail="0">Critical Tests</stat>
<stat pass="1" fail="0">All Tests</stat>
</total>
<tag>
<stat pass="1" fail="0">table</stat>
</tag>
<suite>
<stat pass="1" fail="0" id="s1" name="Tabla">Tabla</stat>
</suite>
</statistics>
<errors>
</errors>
</robot>
