<?xml version="1.0" encoding="UTF-8"?>
<robot generator="Robot 3.1.2 (Python 3.7.4 on win32)" generated="20200214 15:01:22.856" rpa="false">
<suite id="s1" name="Testcases" source="D:\prueba\Probando\excel\testcases">
<suite id="s1-s1" name="Complete Fields" source="D:\prueba\Probando\excel\testcases\complete_fields.robot">
<kw name="Go To Homepage" library="keywords" type="setup">
<kw name="Open Browser" library="SeleniumLibrary">
<doc>Opens a new browser instance to the given ``url``.</doc>
<arguments>
<arg>${url}</arg>
<arg>${browser}</arg>
</arguments>
<msg timestamp="20200214 15:01:23.394" level="INFO">Opening browser 'chrome' to base url 'https://es-la.facebook.com/'.</msg>
<status status="PASS" starttime="20200214 15:01:23.394" endtime="20200214 15:01:31.428"></status>
</kw>
<kw name="Maximize Browser Window" library="SeleniumLibrary">
<doc>Maximizes current browser window.</doc>
<status status="PASS" starttime="20200214 15:01:31.428" endtime="20200214 15:01:35.590"></status>
</kw>
<kw name="Wait Until Page Contains Element" library="SeleniumLibrary">
<doc>Waits until element ``locator`` appears on current page.</doc>
<arguments>
<arg>${logo}</arg>
</arguments>
<status status="PASS" starttime="20200214 15:01:35.590" endtime="20200214 15:01:35.603"></status>
</kw>
<status status="PASS" starttime="20200214 15:01:23.394" endtime="20200214 15:01:35.603"></status>
</kw>
<test id="s1-s1-t1" name="TC001 Completar Campos del Formulario">
<kw name="Complete Form" library="keywords">
<kw name="Get User Data" library="keywords">
<assign>
<var>${nombre}</var>
<var>${apellido}</var>
<var>${email}</var>
<var>${password}</var>
</assign>
<kw name="Open Excel Document" library="ExcelLibrary">
<doc>Opens xlsx document file.</doc>
<arguments>
<arg>data/data.xlsx</arg>
<arg>users1</arg>
</arguments>
<status status="PASS" starttime="20200214 15:01:35.603" endtime="20200214 15:01:35.646"></status>
</kw>
<kw name="Read Excel Cell" library="ExcelLibrary">
<doc>Returns content of a cell.</doc>
<arguments>
<arg>1</arg>
<arg>1</arg>
</arguments>
<assign>
<var>${name}</var>
</assign>
<msg timestamp="20200214 15:01:35.647" level="INFO">${name} = John</msg>
<status status="PASS" starttime="20200214 15:01:35.647" endtime="20200214 15:01:35.647"></status>
</kw>
<kw name="Read Excel Cell" library="ExcelLibrary">
<doc>Returns content of a cell.</doc>
<arguments>
<arg>1</arg>
<arg>2</arg>
</arguments>
<assign>
<var>${lastname}</var>
</assign>
<msg timestamp="20200214 15:01:35.647" level="INFO">${lastname} = Doe</msg>
<status status="PASS" starttime="20200214 15:01:35.647" endtime="20200214 15:01:35.647"></status>
</kw>
<kw name="Read Excel Cell" library="ExcelLibrary">
<doc>Returns content of a cell.</doc>
<arguments>
<arg>1</arg>
<arg>3</arg>
</arguments>
<assign>
<var>${email}</var>
</assign>
<msg timestamp="20200214 15:01:35.647" level="INFO">${email} = jdoe@mail.com</msg>
<status status="PASS" starttime="20200214 15:01:35.647" endtime="20200214 15:01:35.647"></status>
</kw>
<kw name="Read Excel Cell" library="ExcelLibrary">
<doc>Returns content of a cell.</doc>
<arguments>
<arg>1</arg>
<arg>4</arg>
</arguments>
<assign>
<var>${password}</var>
</assign>
<msg timestamp="20200214 15:01:35.648" level="INFO">${password} = john123</msg>
<status status="PASS" starttime="20200214 15:01:35.648" endtime="20200214 15:01:35.648"></status>
</kw>
<kw name="Close All Excel Documents" library="ExcelLibrary">
<doc>Closes all opened documents.</doc>
<status status="PASS" starttime="20200214 15:01:35.648" endtime="20200214 15:01:35.648"></status>
</kw>
<msg timestamp="20200214 15:01:35.648" level="INFO">${nombre} = John</msg>
<msg timestamp="20200214 15:01:35.648" level="INFO">${apellido} = Doe</msg>
<msg timestamp="20200214 15:01:35.648" level="INFO">${email} = jdoe@mail.com</msg>
<msg timestamp="20200214 15:01:35.648" level="INFO">${password} = john123</msg>
<status status="PASS" starttime="20200214 15:01:35.603" endtime="20200214 15:01:35.648"></status>
</kw>
<kw name="Input Text" library="SeleniumLibrary">
<doc>Types the given ``text`` into text field identified by ``locator``.</doc>
<arguments>
<arg>${input_name}</arg>
<arg>${nombre}</arg>
</arguments>
<msg timestamp="20200214 15:01:35.649" level="INFO">Typing text 'John' into text field 'name=firstname'.</msg>
<status status="PASS" starttime="20200214 15:01:35.648" endtime="20200214 15:01:35.777"></status>
</kw>
<kw name="Input Text" library="SeleniumLibrary">
<doc>Types the given ``text`` into text field identified by ``locator``.</doc>
<arguments>
<arg>${input_lastname}</arg>
<arg>${apellido}</arg>
</arguments>
<msg timestamp="20200214 15:01:35.778" level="INFO">Typing text 'Doe' into text field 'name=lastname'.</msg>
<status status="PASS" starttime="20200214 15:01:35.777" endtime="20200214 15:01:35.880"></status>
</kw>
<kw name="Input Text" library="SeleniumLibrary">
<doc>Types the given ``text`` into text field identified by ``locator``.</doc>
<arguments>
<arg>${input_email}</arg>
<arg>${email}</arg>
</arguments>
<msg timestamp="20200214 15:01:35.881" level="INFO">Typing text 'jdoe@mail.com' into text field 'name=reg_email__'.</msg>
<status status="PASS" starttime="20200214 15:01:35.880" endtime="20200214 15:01:36.056"></status>
</kw>
<kw name="Input Text" library="SeleniumLibrary">
<doc>Types the given ``text`` into text field identified by ``locator``.</doc>
<arguments>
<arg>${input_password}</arg>
<arg>${password}</arg>
</arguments>
<msg timestamp="20200214 15:01:36.056" level="INFO">Typing text 'john123' into text field 'name=reg_passwd__'.</msg>
<status status="PASS" starttime="20200214 15:01:36.056" endtime="20200214 15:01:36.185"></status>
</kw>
<status status="PASS" starttime="20200214 15:01:35.603" endtime="20200214 15:01:36.185"></status>
</kw>
<kw name="Register Button" library="keywords">
<kw name="Click Element" library="SeleniumLibrary">
<doc>Click element identified by ``locator``.</doc>
<arguments>
<arg>${btn_new_account}</arg>
</arguments>
<msg timestamp="20200214 15:01:36.187" level="INFO">Clicking element 'name=websubmit'.</msg>
<status status="PASS" starttime="20200214 15:01:36.186" endtime="20200214 15:01:36.329"></status>
</kw>
<status status="PASS" starttime="20200214 15:01:36.186" endtime="20200214 15:01:36.329"></status>
</kw>
<kw name="Sleep" library="BuiltIn">
<doc>Pauses the test executed for the given time.</doc>
<arguments>
<arg>5s</arg>
</arguments>
<msg timestamp="20200214 15:01:41.331" level="INFO">Slept 5 seconds</msg>
<status status="PASS" starttime="20200214 15:01:36.330" endtime="20200214 15:01:41.332"></status>
</kw>
<status status="PASS" starttime="20200214 15:01:35.603" endtime="20200214 15:01:41.332" critical="yes"></status>
</test>
<kw name="Close Browser" library="SeleniumLibrary" type="teardown">
<doc>Closes the current browser.</doc>
<status status="PASS" starttime="20200214 15:01:41.335" endtime="20200214 15:01:43.518"></status>
</kw>
<doc>Completar campos con datos extraidos desde una planilla de calculo</doc>
<status status="PASS" starttime="20200214 15:01:22.882" endtime="20200214 15:01:43.518"></status>
</suite>
<status status="PASS" starttime="20200214 15:01:22.858" endtime="20200214 15:01:43.518"></status>
</suite>
<statistics>
<total>
<stat pass="1" fail="0">Critical Tests</stat>
<stat pass="1" fail="0">All Tests</stat>
</total>
<tag>
</tag>
<suite>
<stat pass="1" fail="0" id="s1" name="Testcases">Testcases</stat>
<stat pass="1" fail="0" id="s1-s1" name="Complete Fields">Testcases.Complete Fields</stat>
</suite>
</statistics>
<errors>
</errors>
</robot>
