<?xml version="1.0" encoding="UTF-8"?>
<robot generator="Robot 3.1.2 (Python 3.7.4 on win32)" generated="20200214 11:04:34.132" rpa="false">
<suite id="s1" name="Tabla" source="D:\prueba\Probando\recorrer_tabla\tabla.robot">
<test id="s1-t1" name="Tabla Test">
<kw name="Open Browser" library="SeleniumLibrary">
<doc>Opens a new browser instance to the given ``url``.</doc>
<arguments>
<arg>https://www.w3schools.com/html/html_tables.asp</arg>
<arg>chrome</arg>
</arguments>
<msg timestamp="20200214 11:04:34.351" level="INFO">Opening browser 'chrome' to base url 'https://www.w3schools.com/html/html_tables.asp'.</msg>
<status status="PASS" starttime="20200214 11:04:34.351" endtime="20200214 11:04:41.939"></status>
</kw>
<kw name="Maximize Browser Window" library="SeleniumLibrary">
<doc>Maximizes current browser window.</doc>
<status status="PASS" starttime="20200214 11:04:41.940" endtime="20200214 11:04:46.092"></status>
</kw>
<kw name="${index} IN RANGE [ 2 | 8 ]" type="for">
<kw name="${index} = 2" type="foritem">
<kw name="Wait Until Element Is Visible" library="SeleniumLibrary">
<doc>Waits until element ``locator`` is visible.</doc>
<arguments>
<arg>xpath=//*[@id="customers"]/tbody/tr[${index}]/td[1]</arg>
</arguments>
<status status="PASS" starttime="20200214 11:04:46.092" endtime="20200214 11:04:46.132"></status>
</kw>
<kw name="Get Text" library="SeleniumLibrary">
<doc>Returns the text value of element identified by ``locator``.</doc>
<arguments>
<arg>xpath=//*[@id="customers"]/tbody/tr[${index}]/td[3]</arg>
</arguments>
<assign>
<var>${var}</var>
</assign>
<msg timestamp="20200214 11:04:46.171" level="INFO">${var} = Germany</msg>
<status status="PASS" starttime="20200214 11:04:46.132" endtime="20200214 11:04:46.171"></status>
</kw>
<kw name="Append To List" library="Collections">
<doc>Adds ``values`` to the end of ``list``.</doc>
<arguments>
<arg>${lista}</arg>
<arg>${var}</arg>
</arguments>
<status status="PASS" starttime="20200214 11:04:46.171" endtime="20200214 11:04:46.171"></status>
</kw>
<kw name="Log To Console" library="BuiltIn">
<doc>Logs the given message to the console.</doc>
<arguments>
<arg>\n Los elementos de la tabla son --&gt; ${var}</arg>
</arguments>
<status status="PASS" starttime="20200214 11:04:46.171" endtime="20200214 11:04:46.172"></status>
</kw>
<status status="PASS" starttime="20200214 11:04:46.092" endtime="20200214 11:04:46.172"></status>
</kw>
<kw name="${index} = 3" type="foritem">
<kw name="Wait Until Element Is Visible" library="SeleniumLibrary">
<doc>Waits until element ``locator`` is visible.</doc>
<arguments>
<arg>xpath=//*[@id="customers"]/tbody/tr[${index}]/td[1]</arg>
</arguments>
<status status="PASS" starttime="20200214 11:04:46.172" endtime="20200214 11:04:46.209"></status>
</kw>
<kw name="Get Text" library="SeleniumLibrary">
<doc>Returns the text value of element identified by ``locator``.</doc>
<arguments>
<arg>xpath=//*[@id="customers"]/tbody/tr[${index}]/td[3]</arg>
</arguments>
<assign>
<var>${var}</var>
</assign>
<msg timestamp="20200214 11:04:46.246" level="INFO">${var} = Mexico</msg>
<status status="PASS" starttime="20200214 11:04:46.210" endtime="20200214 11:04:46.246"></status>
</kw>
<kw name="Append To List" library="Collections">
<doc>Adds ``values`` to the end of ``list``.</doc>
<arguments>
<arg>${lista}</arg>
<arg>${var}</arg>
</arguments>
<status status="PASS" starttime="20200214 11:04:46.247" endtime="20200214 11:04:46.247"></status>
</kw>
<kw name="Log To Console" library="BuiltIn">
<doc>Logs the given message to the console.</doc>
<arguments>
<arg>\n Los elementos de la tabla son --&gt; ${var}</arg>
</arguments>
<status status="PASS" starttime="20200214 11:04:46.247" endtime="20200214 11:04:46.248"></status>
</kw>
<status status="PASS" starttime="20200214 11:04:46.172" endtime="20200214 11:04:46.248"></status>
</kw>
<kw name="${index} = 4" type="foritem">
<kw name="Wait Until Element Is Visible" library="SeleniumLibrary">
<doc>Waits until element ``locator`` is visible.</doc>
<arguments>
<arg>xpath=//*[@id="customers"]/tbody/tr[${index}]/td[1]</arg>
</arguments>
<status status="PASS" starttime="20200214 11:04:46.249" endtime="20200214 11:04:46.315"></status>
</kw>
<kw name="Get Text" library="SeleniumLibrary">
<doc>Returns the text value of element identified by ``locator``.</doc>
<arguments>
<arg>xpath=//*[@id="customers"]/tbody/tr[${index}]/td[3]</arg>
</arguments>
<assign>
<var>${var}</var>
</assign>
<msg timestamp="20200214 11:04:46.496" level="INFO">${var} = Austria</msg>
<status status="PASS" starttime="20200214 11:04:46.315" endtime="20200214 11:04:46.496"></status>
</kw>
<kw name="Append To List" library="Collections">
<doc>Adds ``values`` to the end of ``list``.</doc>
<arguments>
<arg>${lista}</arg>
<arg>${var}</arg>
</arguments>
<status status="PASS" starttime="20200214 11:04:46.496" endtime="20200214 11:04:46.496"></status>
</kw>
<kw name="Log To Console" library="BuiltIn">
<doc>Logs the given message to the console.</doc>
<arguments>
<arg>\n Los elementos de la tabla son --&gt; ${var}</arg>
</arguments>
<status status="PASS" starttime="20200214 11:04:46.496" endtime="20200214 11:04:46.497"></status>
</kw>
<status status="PASS" starttime="20200214 11:04:46.248" endtime="20200214 11:04:46.497"></status>
</kw>
<kw name="${index} = 5" type="foritem">
<kw name="Wait Until Element Is Visible" library="SeleniumLibrary">
<doc>Waits until element ``locator`` is visible.</doc>
<arguments>
<arg>xpath=//*[@id="customers"]/tbody/tr[${index}]/td[1]</arg>
</arguments>
<status status="PASS" starttime="20200214 11:04:46.498" endtime="20200214 11:04:46.543"></status>
</kw>
<kw name="Get Text" library="SeleniumLibrary">
<doc>Returns the text value of element identified by ``locator``.</doc>
<arguments>
<arg>xpath=//*[@id="customers"]/tbody/tr[${index}]/td[3]</arg>
</arguments>
<assign>
<var>${var}</var>
</assign>
<msg timestamp="20200214 11:04:46.639" level="INFO">${var} = UK</msg>
<status status="PASS" starttime="20200214 11:04:46.543" endtime="20200214 11:04:46.639"></status>
</kw>
<kw name="Append To List" library="Collections">
<doc>Adds ``values`` to the end of ``list``.</doc>
<arguments>
<arg>${lista}</arg>
<arg>${var}</arg>
</arguments>
<status status="PASS" starttime="20200214 11:04:46.639" endtime="20200214 11:04:46.639"></status>
</kw>
<kw name="Log To Console" library="BuiltIn">
<doc>Logs the given message to the console.</doc>
<arguments>
<arg>\n Los elementos de la tabla son --&gt; ${var}</arg>
</arguments>
<status status="PASS" starttime="20200214 11:04:46.639" endtime="20200214 11:04:46.640"></status>
</kw>
<status status="PASS" starttime="20200214 11:04:46.498" endtime="20200214 11:04:46.640"></status>
</kw>
<kw name="${index} = 6" type="foritem">
<kw name="Wait Until Element Is Visible" library="SeleniumLibrary">
<doc>Waits until element ``locator`` is visible.</doc>
<arguments>
<arg>xpath=//*[@id="customers"]/tbody/tr[${index}]/td[1]</arg>
</arguments>
<status status="PASS" starttime="20200214 11:04:46.640" endtime="20200214 11:04:46.669"></status>
</kw>
<kw name="Get Text" library="SeleniumLibrary">
<doc>Returns the text value of element identified by ``locator``.</doc>
<arguments>
<arg>xpath=//*[@id="customers"]/tbody/tr[${index}]/td[3]</arg>
</arguments>
<assign>
<var>${var}</var>
</assign>
<msg timestamp="20200214 11:04:46.703" level="INFO">${var} = Canada</msg>
<status status="PASS" starttime="20200214 11:04:46.669" endtime="20200214 11:04:46.703"></status>
</kw>
<kw name="Append To List" library="Collections">
<doc>Adds ``values`` to the end of ``list``.</doc>
<arguments>
<arg>${lista}</arg>
<arg>${var}</arg>
</arguments>
<status status="PASS" starttime="20200214 11:04:46.703" endtime="20200214 11:04:46.704"></status>
</kw>
<kw name="Log To Console" library="BuiltIn">
<doc>Logs the given message to the console.</doc>
<arguments>
<arg>\n Los elementos de la tabla son --&gt; ${var}</arg>
</arguments>
<status status="PASS" starttime="20200214 11:04:46.704" endtime="20200214 11:04:46.705"></status>
</kw>
<status status="PASS" starttime="20200214 11:04:46.640" endtime="20200214 11:04:46.705"></status>
</kw>
<kw name="${index} = 7" type="foritem">
<kw name="Wait Until Element Is Visible" library="SeleniumLibrary">
<doc>Waits until element ``locator`` is visible.</doc>
<arguments>
<arg>xpath=//*[@id="customers"]/tbody/tr[${index}]/td[1]</arg>
</arguments>
<status status="PASS" starttime="20200214 11:04:46.705" endtime="20200214 11:04:46.735"></status>
</kw>
<kw name="Get Text" library="SeleniumLibrary">
<doc>Returns the text value of element identified by ``locator``.</doc>
<arguments>
<arg>xpath=//*[@id="customers"]/tbody/tr[${index}]/td[3]</arg>
</arguments>
<assign>
<var>${var}</var>
</assign>
<msg timestamp="20200214 11:04:46.766" level="INFO">${var} = Italy</msg>
<status status="PASS" starttime="20200214 11:04:46.735" endtime="20200214 11:04:46.767"></status>
</kw>
<kw name="Append To List" library="Collections">
<doc>Adds ``values`` to the end of ``list``.</doc>
<arguments>
<arg>${lista}</arg>
<arg>${var}</arg>
</arguments>
<status status="PASS" starttime="20200214 11:04:46.767" endtime="20200214 11:04:46.767"></status>
</kw>
<kw name="Log To Console" library="BuiltIn">
<doc>Logs the given message to the console.</doc>
<arguments>
<arg>\n Los elementos de la tabla son --&gt; ${var}</arg>
</arguments>
<status status="PASS" starttime="20200214 11:04:46.767" endtime="20200214 11:04:46.768"></status>
</kw>
<status status="PASS" starttime="20200214 11:04:46.705" endtime="20200214 11:04:46.768"></status>
</kw>
<status status="PASS" starttime="20200214 11:04:46.092" endtime="20200214 11:04:46.768"></status>
</kw>
<kw name="Log To Console" library="BuiltIn">
<doc>Logs the given message to the console.</doc>
<arguments>
<arg>********************************************************************************</arg>
</arguments>
<status status="PASS" starttime="20200214 11:04:46.769" endtime="20200214 11:04:46.769"></status>
</kw>
<kw name="Log To Console" library="BuiltIn">
<doc>Logs the given message to the console.</doc>
<arguments>
<arg>Listado de paises --&gt; ${lista}</arg>
</arguments>
<status status="PASS" starttime="20200214 11:04:46.770" endtime="20200214 11:04:46.770"></status>
</kw>
<kw name="Close Browser" library="SeleniumLibrary">
<doc>Closes the current browser.</doc>
<status status="PASS" starttime="20200214 11:04:46.770" endtime="20200214 11:04:48.905"></status>
</kw>
<tags>
<tag>table</tag>
</tags>
<status status="PASS" starttime="20200214 11:04:34.351" endtime="20200214 11:04:48.906" critical="yes"></status>
</test>
<status status="PASS" starttime="20200214 11:04:34.132" endtime="20200214 11:04:48.909"></status>
</suite>
<statistics>
<total>
<stat pass="1" fail="0">Critical Tests</stat>
<stat pass="1" fail="0">All Tests</stat>
</total>
<tag>
<stat pass="1" fail="0">table</stat>
</tag>
<suite>
<stat pass="1" fail="0" id="s1" name="Tabla">Tabla</stat>
</suite>
</statistics>
<errors>
</errors>
</robot>
