<?xml version="1.0" encoding="UTF-8"?>
<robot generator="Robot 3.1.1 (Python 3.6.9 on linux)" generated="20200220 19:24:14.357" rpa="false">
<suite id="s1" name="Setup Teardown" source="/home/juan/Documentos/GIT/ejercicios_robot_framework/setup/setup_teardown.robot">
<kw name="Ingresar Al Sitio" library="keywords" type="setup">
<kw name="Open Browser" library="SeleniumLibrary">
<doc>Opens a new browser instance to the given ``url``.</doc>
<arguments>
<arg>${URL}</arg>
<arg>${browser}</arg>
</arguments>
<msg timestamp="20200220 19:24:14.474" level="INFO">Opening browser 'chrome' to base url 'http://thetestingworld.com/testings/index.php'.</msg>
<status status="PASS" starttime="20200220 19:24:14.473" endtime="20200220 19:24:19.617"></status>
</kw>
<kw name="Maximize Browser Window" library="SeleniumLibrary">
<doc>Maximizes current browser window.</doc>
<status status="PASS" starttime="20200220 19:24:19.617" endtime="20200220 19:24:19.736"></status>
</kw>
<kw name="Log" library="BuiltIn">
<doc>Logs the given message with the given level.</doc>
<arguments>
<arg>Inicio de la Suite de pruebas</arg>
</arguments>
<msg timestamp="20200220 19:24:19.737" level="INFO">Inicio de la Suite de pruebas</msg>
<status status="PASS" starttime="20200220 19:24:19.736" endtime="20200220 19:24:19.737"></status>
</kw>
<status status="PASS" starttime="20200220 19:24:14.473" endtime="20200220 19:24:19.737"></status>
</kw>
<test id="s1-t1" name="001 - Completar Campos De Texto">
<kw name="Log" library="BuiltIn" type="setup">
<doc>Logs the given message with the given level.</doc>
<arguments>
<arg>inicio del Test Case</arg>
</arguments>
<msg timestamp="20200220 19:24:19.738" level="INFO">inicio del Test Case</msg>
<status status="PASS" starttime="20200220 19:24:19.738" endtime="20200220 19:24:19.738"></status>
</kw>
<kw name="Completar Campos de Texto" library="keywords">
<arguments>
<arg>&amp;{usuario}[nombre]</arg>
<arg>&amp;{usuario}[nickname]</arg>
<arg>&amp;{usuario}[email]</arg>
<arg>&amp;{usuario}[telefono]</arg>
</arguments>
<kw name="Input Text" library="SeleniumLibrary">
<doc>Types the given ``text`` into text field identified by ``locator``.</doc>
<arguments>
<arg>${input_username}</arg>
<arg>${user}</arg>
</arguments>
<msg timestamp="20200220 19:24:19.739" level="INFO">Typing text ' John Doe' into text field 'name=fld_username'.</msg>
<status status="PASS" starttime="20200220 19:24:19.739" endtime="20200220 19:24:19.918"></status>
</kw>
<kw name="Input Text" library="SeleniumLibrary">
<doc>Types the given ``text`` into text field identified by ``locator``.</doc>
<arguments>
<arg>${input_email}</arg>
<arg>${email}</arg>
</arguments>
<msg timestamp="20200220 19:24:19.919" level="INFO">Typing text ' jdoe@mail.com' into text field 'name=fld_email'.</msg>
<status status="PASS" starttime="20200220 19:24:19.918" endtime="20200220 19:24:20.089"></status>
</kw>
<kw name="Input Text" library="SeleniumLibrary">
<doc>Types the given ``text`` into text field identified by ``locator``.</doc>
<arguments>
<arg>${input_password}</arg>
<arg>${pass}</arg>
</arguments>
<msg timestamp="20200220 19:24:20.091" level="INFO">Typing text ' John123' into text field 'name=fld_password'.</msg>
<status status="PASS" starttime="20200220 19:24:20.090" endtime="20200220 19:24:20.219"></status>
</kw>
<kw name="Input Text" library="SeleniumLibrary">
<doc>Types the given ``text`` into text field identified by ``locator``.</doc>
<arguments>
<arg>${input_phone}</arg>
<arg>${phone}</arg>
</arguments>
<msg timestamp="20200220 19:24:20.219" level="INFO">Typing text ' 0303456' into text field 'name=phone'.</msg>
<status status="PASS" starttime="20200220 19:24:20.219" endtime="20200220 19:24:20.336"></status>
</kw>
<status status="PASS" starttime="20200220 19:24:19.738" endtime="20200220 19:24:20.336"></status>
</kw>
<kw name="Log" library="BuiltIn">
<doc>Logs the given message with the given level.</doc>
<arguments>
<arg>se completaron los campos de texto</arg>
</arguments>
<msg timestamp="20200220 19:24:20.336" level="INFO">se completaron los campos de texto</msg>
<status status="PASS" starttime="20200220 19:24:20.336" endtime="20200220 19:24:20.336"></status>
</kw>
<kw name="Sleep" library="BuiltIn">
<doc>Pauses the test executed for the given time.</doc>
<arguments>
<arg>3s</arg>
</arguments>
<msg timestamp="20200220 19:24:23.337" level="INFO">Slept 3 seconds</msg>
<status status="PASS" starttime="20200220 19:24:20.336" endtime="20200220 19:24:23.337"></status>
</kw>
<kw name="Log" library="BuiltIn" type="teardown">
<doc>Logs the given message with the given level.</doc>
<arguments>
<arg>FIn del test Case</arg>
</arguments>
<msg timestamp="20200220 19:24:23.339" level="INFO">FIn del test Case</msg>
<status status="PASS" starttime="20200220 19:24:23.338" endtime="20200220 19:24:23.340"></status>
</kw>
<doc>Se completan los campos de texto en el formulario</doc>
<tags>
<tag>001</tag>
<tag>smoke</tag>
</tags>
<status status="PASS" starttime="20200220 19:24:19.737" endtime="20200220 19:24:23.341" critical="yes"></status>
</test>
<test id="s1-t2" name="002 - Seleccionar Radio Button">
<kw name="Log" library="BuiltIn" type="setup">
<doc>Logs the given message with the given level.</doc>
<arguments>
<arg>inicio del Test Case</arg>
</arguments>
<msg timestamp="20200220 19:24:23.349" level="INFO">inicio del Test Case</msg>
<status status="PASS" starttime="20200220 19:24:23.348" endtime="20200220 19:24:23.349"></status>
</kw>
<kw name="Seleccionar Direccion" library="keywords">
<arguments>
<arg>home</arg>
</arguments>
<kw name="Select Radio Button" library="SeleniumLibrary">
<doc>Sets radio button group ``group_name`` to ``value``.</doc>
<arguments>
<arg>${radio_address_type}</arg>
<arg>${tipo}</arg>
</arguments>
<msg timestamp="20200220 19:24:23.353" level="INFO">Selecting 'home' from radio button 'add_type'.</msg>
<status status="PASS" starttime="20200220 19:24:23.352" endtime="20200220 19:24:23.439"></status>
</kw>
<status status="PASS" starttime="20200220 19:24:23.350" endtime="20200220 19:24:23.439"></status>
</kw>
<kw name="Aceptar los Terminos" library="keywords">
<kw name="Select Checkbox" library="SeleniumLibrary">
<doc>Selects checkbox identified by ``locator``.</doc>
<arguments>
<arg>${checkbox_terms}</arg>
</arguments>
<msg timestamp="20200220 19:24:23.442" level="INFO">Selecting checkbox 'name=terms'.</msg>
<status status="PASS" starttime="20200220 19:24:23.441" endtime="20200220 19:24:23.519"></status>
</kw>
<status status="PASS" starttime="20200220 19:24:23.440" endtime="20200220 19:24:23.519"></status>
</kw>
<kw name="Get Location" library="SeleniumLibrary">
<doc>Returns the current browser URL.</doc>
<assign>
<var>${url}</var>
</assign>
<msg timestamp="20200220 19:24:23.530" level="INFO">${url} = https://thetestingworld.com/testings/index.php</msg>
<status status="PASS" starttime="20200220 19:24:23.520" endtime="20200220 19:24:23.530"></status>
</kw>
<kw name="Log" library="BuiltIn">
<doc>Logs the given message with the given level.</doc>
<arguments>
<arg>usted esta navegando por: ${url}</arg>
</arguments>
<msg timestamp="20200220 19:24:23.531" level="INFO">usted esta navegando por: https://thetestingworld.com/testings/index.php</msg>
<status status="PASS" starttime="20200220 19:24:23.531" endtime="20200220 19:24:23.532"></status>
</kw>
<kw name="Sleep" library="BuiltIn">
<doc>Pauses the test executed for the given time.</doc>
<arguments>
<arg>3s</arg>
</arguments>
<msg timestamp="20200220 19:24:26.533" level="INFO">Slept 3 seconds</msg>
<status status="PASS" starttime="20200220 19:24:23.532" endtime="20200220 19:24:26.534"></status>
</kw>
<kw name="Log" library="BuiltIn" type="teardown">
<doc>Logs the given message with the given level.</doc>
<arguments>
<arg>FIn del test Case</arg>
</arguments>
<msg timestamp="20200220 19:24:26.535" level="INFO">FIn del test Case</msg>
<status status="PASS" starttime="20200220 19:24:26.535" endtime="20200220 19:24:26.536"></status>
</kw>
<doc>Se completan los radio-button y checkbox</doc>
<tags>
<tag>002</tag>
<tag>smoke</tag>
</tags>
<status status="PASS" starttime="20200220 19:24:23.345" endtime="20200220 19:24:26.536" critical="yes"></status>
</test>
<test id="s1-t3" name="003 - Seleccionar Opcion Dropdown">
<kw name="Log" library="BuiltIn" type="setup">
<doc>Logs the given message with the given level.</doc>
<arguments>
<arg>inicio del Test Case</arg>
</arguments>
<msg timestamp="20200220 19:24:26.538" level="INFO">inicio del Test Case</msg>
<status status="PASS" starttime="20200220 19:24:26.538" endtime="20200220 19:24:26.538"></status>
</kw>
<kw name="Seleccionar Genero" library="keywords">
<arguments>
<arg>1</arg>
</arguments>
<kw name="Select From List By Value" library="SeleniumLibrary">
<doc>Selects options from selection list ``locator`` by ``values``.</doc>
<arguments>
<arg>${select_genero}</arg>
<arg>${genero}</arg>
</arguments>
<msg timestamp="20200220 19:24:26.539" level="INFO">Selecting options from selection list 'name=sex' by value 1.</msg>
<status status="PASS" starttime="20200220 19:24:26.539" endtime="20200220 19:24:26.604"></status>
</kw>
<status status="PASS" starttime="20200220 19:24:26.538" endtime="20200220 19:24:26.604"></status>
</kw>
<kw name="Seleccionar Pais" library="keywords">
<arguments>
<arg>Argentina</arg>
</arguments>
<kw name="Select From List By Label" library="SeleniumLibrary">
<doc>Selects options from selection list ``locator`` by ``labels``.</doc>
<arguments>
<arg>${select_country}</arg>
<arg>${pais}</arg>
</arguments>
<msg timestamp="20200220 19:24:26.605" level="INFO">Selecting options from selection list 'id=countryId' by label Argentina.</msg>
<status status="PASS" starttime="20200220 19:24:26.605" endtime="20200220 19:24:26.669"></status>
</kw>
<status status="PASS" starttime="20200220 19:24:26.605" endtime="20200220 19:24:26.669"></status>
</kw>
<kw name="Sleep" library="BuiltIn">
<doc>Pauses the test executed for the given time.</doc>
<arguments>
<arg>4s</arg>
</arguments>
<msg timestamp="20200220 19:24:30.671" level="INFO">Slept 4 seconds</msg>
<status status="PASS" starttime="20200220 19:24:26.669" endtime="20200220 19:24:30.671"></status>
</kw>
<kw name="Seleccionar Provincia" library="keywords">
<arguments>
<arg>Jujuy</arg>
</arguments>
<kw name="Select From List By Label" library="SeleniumLibrary">
<doc>Selects options from selection list ``locator`` by ``labels``.</doc>
<arguments>
<arg>${select_state}</arg>
<arg>${provincia}</arg>
</arguments>
<msg timestamp="20200220 19:24:30.673" level="INFO">Selecting options from selection list 'id=stateId' by label Jujuy.</msg>
<kw name="Capture Page Screenshot" library="SeleniumLibrary">
<doc>Takes screenshot of the current page and embeds it into log file.</doc>
<msg timestamp="20200220 19:24:31.112" level="INFO" html="yes">&lt;/td&gt;&lt;/tr&gt;&lt;tr&gt;&lt;td colspan="3"&gt;&lt;a href="selenium-screenshot-2.png"&gt;&lt;img src="selenium-screenshot-2.png" width="800px"&gt;&lt;/a&gt;</msg>
<status status="PASS" starttime="20200220 19:24:30.742" endtime="20200220 19:24:31.112"></status>
</kw>
<msg timestamp="20200220 19:24:31.112" level="FAIL">NoSuchElementException: Message: Could not locate element with visible text: Jujuy
</msg>
<status status="FAIL" starttime="20200220 19:24:30.673" endtime="20200220 19:24:31.113"></status>
</kw>
<status status="FAIL" starttime="20200220 19:24:30.672" endtime="20200220 19:24:31.113"></status>
</kw>
<kw name="Log" library="BuiltIn" type="teardown">
<doc>Logs the given message with the given level.</doc>
<arguments>
<arg>FIn del test Case</arg>
</arguments>
<msg timestamp="20200220 19:24:31.113" level="INFO">FIn del test Case</msg>
<status status="PASS" starttime="20200220 19:24:31.113" endtime="20200220 19:24:31.113"></status>
</kw>
<doc>Se completan los dropdown</doc>
<tags>
<tag>003</tag>
<tag>smoke</tag>
</tags>
<status status="FAIL" starttime="20200220 19:24:26.537" endtime="20200220 19:24:31.113" critical="yes">NoSuchElementException: Message: Could not locate element with visible text: Jujuy
</status>
</test>
<kw name="Cerrar Navegador" library="keywords" type="teardown">
<kw name="Get Title" library="SeleniumLibrary">
<doc>Returns the title of current page.</doc>
<assign>
<var>${titulo}</var>
</assign>
<msg timestamp="20200220 19:24:31.118" level="INFO">${titulo} = Login &amp; Sign Up Forms</msg>
<status status="PASS" starttime="20200220 19:24:31.114" endtime="20200220 19:24:31.118"></status>
</kw>
<kw name="Log" library="BuiltIn">
<doc>Logs the given message with the given level.</doc>
<arguments>
<arg>Titulo de la pagina: ${titulo}</arg>
</arguments>
<msg timestamp="20200220 19:24:31.118" level="INFO">Titulo de la pagina: Login &amp; Sign Up Forms</msg>
<status status="PASS" starttime="20200220 19:24:31.118" endtime="20200220 19:24:31.118"></status>
</kw>
<kw name="Log" library="BuiltIn">
<doc>Logs the given message with the given level.</doc>
<arguments>
<arg>Fin de la Suite de pruebas</arg>
</arguments>
<msg timestamp="20200220 19:24:31.119" level="INFO">Fin de la Suite de pruebas</msg>
<status status="PASS" starttime="20200220 19:24:31.118" endtime="20200220 19:24:31.119"></status>
</kw>
<kw name="Close Browser" library="SeleniumLibrary">
<doc>Closes the current browser.</doc>
<status status="PASS" starttime="20200220 19:24:31.119" endtime="20200220 19:24:31.175"></status>
</kw>
<status status="PASS" starttime="20200220 19:24:31.114" endtime="20200220 19:24:31.175"></status>
</kw>
<doc>Suite de casos de pruebas con setup y teardown</doc>
<status status="FAIL" starttime="20200220 19:24:14.358" endtime="20200220 19:24:31.175"></status>
</suite>
<statistics>
<total>
<stat pass="2" fail="1">Critical Tests</stat>
<stat pass="2" fail="1">All Tests</stat>
</total>
<tag>
<stat pass="1" fail="0">001</stat>
<stat pass="1" fail="0">002</stat>
<stat pass="0" fail="1">003</stat>
<stat pass="2" fail="1">smoke</stat>
</tag>
<suite>
<stat pass="2" fail="1" id="s1" name="Setup Teardown">Setup Teardown</stat>
</suite>
</statistics>
<errors>
<msg timestamp="20200220 19:24:14.469" level="ERROR">Error in file '/home/juan/Documentos/GIT/ejercicios_robot_framework/setup/setup_teardown.robot': Library setting requires a name</msg>
</errors>
</robot>
