<?xml version="1.0" encoding="UTF-8"?>
<robot generator="Robot 3.1.1 (Python 3.6.9 on linux)" generated="20200220 19:09:37.212" rpa="false">
<suite id="s1" name="Setup Teardown" source="/home/juan/Documentos/GIT/ejercicios_robot_framework/setup/setup_teardown.robot">
<kw name="Ingresar Al Sitio" library="keywords" type="setup">
<kw name="Open Browser" library="SeleniumLibrary">
<doc>Opens a new browser instance to the given ``url``.</doc>
<arguments>
<arg>${URL}</arg>
<arg>${browser}</arg>
</arguments>
<msg timestamp="20200220 19:09:37.326" level="INFO">Opening browser 'chrome' to base url 'http://thetestingworld.com/testings/index.php'.</msg>
<status status="PASS" starttime="20200220 19:09:37.326" endtime="20200220 19:09:42.349"></status>
</kw>
<kw name="Maximize Browser Window" library="SeleniumLibrary">
<doc>Maximizes current browser window.</doc>
<status status="PASS" starttime="20200220 19:09:42.350" endtime="20200220 19:09:42.464"></status>
</kw>
<kw name="Log" library="BuiltIn">
<doc>Logs the given message with the given level.</doc>
<arguments>
<arg>Inicio de la Suite de pruebas</arg>
</arguments>
<msg timestamp="20200220 19:09:42.465" level="INFO">Inicio de la Suite de pruebas</msg>
<status status="PASS" starttime="20200220 19:09:42.464" endtime="20200220 19:09:42.465"></status>
</kw>
<status status="PASS" starttime="20200220 19:09:37.326" endtime="20200220 19:09:42.465"></status>
</kw>
<test id="s1-t1" name="001 - Completar Campos De Texto">
<kw name="Log" library="BuiltIn" type="setup">
<doc>Logs the given message with the given level.</doc>
<arguments>
<arg>inicio del Test Case</arg>
</arguments>
<msg timestamp="20200220 19:09:42.466" level="INFO">inicio del Test Case</msg>
<status status="PASS" starttime="20200220 19:09:42.466" endtime="20200220 19:09:42.466"></status>
</kw>
<kw name="Completar Campos de Texto" library="keywords">
<arguments>
<arg>&amp;{usuario}[nombre]</arg>
<arg>&amp;{usuario}[nickname]</arg>
<arg>&amp;{usuario}[email]</arg>
<arg>&amp;{usuario}[telefono]</arg>
</arguments>
<kw name="Input Text" library="SeleniumLibrary">
<doc>Types the given ``text`` into text field identified by ``locator``.</doc>
<arguments>
<arg>${input_username}</arg>
<arg>${user}</arg>
</arguments>
<msg timestamp="20200220 19:09:42.467" level="INFO">Typing text ' John Doe' into text field 'name=fld_username'.</msg>
<status status="PASS" starttime="20200220 19:09:42.467" endtime="20200220 19:09:42.626"></status>
</kw>
<kw name="Input Text" library="SeleniumLibrary">
<doc>Types the given ``text`` into text field identified by ``locator``.</doc>
<arguments>
<arg>${input_email}</arg>
<arg>${email}</arg>
</arguments>
<msg timestamp="20200220 19:09:42.626" level="INFO">Typing text ' jdoe@mail.com' into text field 'name=fld_email'.</msg>
<status status="PASS" starttime="20200220 19:09:42.626" endtime="20200220 19:09:42.800"></status>
</kw>
<kw name="Input Text" library="SeleniumLibrary">
<doc>Types the given ``text`` into text field identified by ``locator``.</doc>
<arguments>
<arg>${input_password}</arg>
<arg>${pass}</arg>
</arguments>
<msg timestamp="20200220 19:09:42.802" level="INFO">Typing text ' John123' into text field 'name=fld_password'.</msg>
<status status="PASS" starttime="20200220 19:09:42.801" endtime="20200220 19:09:42.937"></status>
</kw>
<kw name="Input Text" library="SeleniumLibrary">
<doc>Types the given ``text`` into text field identified by ``locator``.</doc>
<arguments>
<arg>${input_phone}</arg>
<arg>${phone}</arg>
</arguments>
<msg timestamp="20200220 19:09:42.940" level="INFO">Typing text ' 0303456' into text field 'name=phone'.</msg>
<status status="PASS" starttime="20200220 19:09:42.938" endtime="20200220 19:09:43.051"></status>
</kw>
<status status="PASS" starttime="20200220 19:09:42.467" endtime="20200220 19:09:43.051"></status>
</kw>
<kw name="Log" library="BuiltIn">
<doc>Logs the given message with the given level.</doc>
<arguments>
<arg>se completaron los campos de texto</arg>
</arguments>
<msg timestamp="20200220 19:09:43.053" level="INFO">se completaron los campos de texto</msg>
<status status="PASS" starttime="20200220 19:09:43.052" endtime="20200220 19:09:43.053"></status>
</kw>
<kw name="Sleep" library="BuiltIn">
<doc>Pauses the test executed for the given time.</doc>
<arguments>
<arg>3s</arg>
</arguments>
<msg timestamp="20200220 19:09:46.054" level="INFO">Slept 3 seconds</msg>
<status status="PASS" starttime="20200220 19:09:43.053" endtime="20200220 19:09:46.055"></status>
</kw>
<kw name="Log" library="BuiltIn" type="teardown">
<doc>Logs the given message with the given level.</doc>
<arguments>
<arg>FIn del test Case</arg>
</arguments>
<msg timestamp="20200220 19:09:46.057" level="INFO">FIn del test Case</msg>
<status status="PASS" starttime="20200220 19:09:46.056" endtime="20200220 19:09:46.057"></status>
</kw>
<doc>Se completan los campos de texto en el formulario</doc>
<tags>
<tag>001</tag>
<tag>smoke</tag>
</tags>
<status status="PASS" starttime="20200220 19:09:42.465" endtime="20200220 19:09:46.058" critical="yes"></status>
</test>
<test id="s1-t2" name="002 - Seleccionar Radio Button">
<kw name="Log" library="BuiltIn" type="setup">
<doc>Logs the given message with the given level.</doc>
<arguments>
<arg>inicio del Test Case</arg>
</arguments>
<msg timestamp="20200220 19:09:46.066" level="INFO">inicio del Test Case</msg>
<status status="PASS" starttime="20200220 19:09:46.064" endtime="20200220 19:09:46.067"></status>
</kw>
<kw name="Seleccionar Direccion" library="keywords">
<arguments>
<arg>home</arg>
</arguments>
<kw name="Select Radio Button" library="SeleniumLibrary">
<doc>Sets radio button group ``group_name`` to ``value``.</doc>
<arguments>
<arg>${radio_address_type}</arg>
<arg>${tipo}</arg>
</arguments>
<msg timestamp="20200220 19:09:46.072" level="INFO">Selecting 'home' from radio button 'add_type'.</msg>
<status status="PASS" starttime="20200220 19:09:46.070" endtime="20200220 19:09:46.145"></status>
</kw>
<status status="PASS" starttime="20200220 19:09:46.068" endtime="20200220 19:09:46.145"></status>
</kw>
<kw name="Aceptar los Terminos" library="keywords">
<kw name="Select Checkbox" library="SeleniumLibrary">
<doc>Selects checkbox identified by ``locator``.</doc>
<arguments>
<arg>${checkbox_terms}</arg>
</arguments>
<msg timestamp="20200220 19:09:46.146" level="INFO">Selecting checkbox 'name=terms'.</msg>
<status status="PASS" starttime="20200220 19:09:46.146" endtime="20200220 19:09:46.227"></status>
</kw>
<status status="PASS" starttime="20200220 19:09:46.145" endtime="20200220 19:09:46.227"></status>
</kw>
<kw name="Get Location" library="SeleniumLibrary">
<doc>Returns the current browser URL.</doc>
<assign>
<var>${url}</var>
</assign>
<msg timestamp="20200220 19:09:46.238" level="INFO">${url} = https://thetestingworld.com/testings/index.php</msg>
<status status="PASS" starttime="20200220 19:09:46.227" endtime="20200220 19:09:46.238"></status>
</kw>
<kw name="Log" library="BuiltIn">
<doc>Logs the given message with the given level.</doc>
<arguments>
<arg>usted esta navegando por: ${url}</arg>
</arguments>
<msg timestamp="20200220 19:09:46.240" level="INFO">usted esta navegando por: https://thetestingworld.com/testings/index.php</msg>
<status status="PASS" starttime="20200220 19:09:46.239" endtime="20200220 19:09:46.240"></status>
</kw>
<kw name="Sleep" library="BuiltIn">
<doc>Pauses the test executed for the given time.</doc>
<arguments>
<arg>3s</arg>
</arguments>
<msg timestamp="20200220 19:09:49.243" level="INFO">Slept 3 seconds</msg>
<status status="PASS" starttime="20200220 19:09:46.241" endtime="20200220 19:09:49.244"></status>
</kw>
<kw name="Log" library="BuiltIn" type="teardown">
<doc>Logs the given message with the given level.</doc>
<arguments>
<arg>FIn del test Case</arg>
</arguments>
<msg timestamp="20200220 19:09:49.245" level="INFO">FIn del test Case</msg>
<status status="PASS" starttime="20200220 19:09:49.245" endtime="20200220 19:09:49.245"></status>
</kw>
<doc>Se completan los radio-button y checkbox</doc>
<tags>
<tag>002</tag>
<tag>smoke</tag>
</tags>
<status status="PASS" starttime="20200220 19:09:46.061" endtime="20200220 19:09:49.245" critical="yes"></status>
</test>
<test id="s1-t3" name="003 - Seleccionar Opcion Dropdown">
<kw name="Log" library="BuiltIn" type="setup">
<doc>Logs the given message with the given level.</doc>
<arguments>
<arg>inicio del Test Case</arg>
</arguments>
<msg timestamp="20200220 19:09:49.247" level="INFO">inicio del Test Case</msg>
<status status="PASS" starttime="20200220 19:09:49.247" endtime="20200220 19:09:49.247"></status>
</kw>
<kw name="Seleccionar Genero" library="keywords">
<arguments>
<arg>1</arg>
</arguments>
<kw name="Select From List By Value" library="SeleniumLibrary">
<doc>Selects options from selection list ``locator`` by ``values``.</doc>
<arguments>
<arg>${select_genero}</arg>
<arg>${genero}</arg>
</arguments>
<msg timestamp="20200220 19:09:49.248" level="INFO">Selecting options from selection list 'name=sex' by value 1.</msg>
<status status="PASS" starttime="20200220 19:09:49.248" endtime="20200220 19:09:49.323"></status>
</kw>
<status status="PASS" starttime="20200220 19:09:49.247" endtime="20200220 19:09:49.324"></status>
</kw>
<kw name="Seleccionar Pais" library="keywords">
<arguments>
<arg>Argentina</arg>
</arguments>
<kw name="Select From List By Label" library="SeleniumLibrary">
<doc>Selects options from selection list ``locator`` by ``labels``.</doc>
<arguments>
<arg>${select_country}</arg>
<arg>${pais}</arg>
</arguments>
<msg timestamp="20200220 19:09:49.325" level="INFO">Selecting options from selection list 'id=countryId' by label Argentina.</msg>
<status status="PASS" starttime="20200220 19:09:49.324" endtime="20200220 19:09:49.390"></status>
</kw>
<status status="PASS" starttime="20200220 19:09:49.324" endtime="20200220 19:09:49.390"></status>
</kw>
<kw name="Sleep" library="BuiltIn">
<doc>Pauses the test executed for the given time.</doc>
<arguments>
<arg>4s</arg>
</arguments>
<msg timestamp="20200220 19:09:53.391" level="INFO">Slept 4 seconds</msg>
<status status="PASS" starttime="20200220 19:09:49.390" endtime="20200220 19:09:53.391"></status>
</kw>
<kw name="Seleccionar Provincia" library="keywords">
<arguments>
<arg>Jujuy</arg>
</arguments>
<kw name="Select From List By Label" library="SeleniumLibrary">
<doc>Selects options from selection list ``locator`` by ``labels``.</doc>
<arguments>
<arg>${select_state}</arg>
<arg>${provincia}</arg>
</arguments>
<msg timestamp="20200220 19:09:53.394" level="INFO">Selecting options from selection list 'id=stateId' by label Jujuy.</msg>
<kw name="Capture Page Screenshot" library="SeleniumLibrary">
<doc>Takes screenshot of the current page and embeds it into log file.</doc>
<msg timestamp="20200220 19:09:53.850" level="INFO" html="yes">&lt;/td&gt;&lt;/tr&gt;&lt;tr&gt;&lt;td colspan="3"&gt;&lt;a href="selenium-screenshot-1.png"&gt;&lt;img src="selenium-screenshot-1.png" width="800px"&gt;&lt;/a&gt;</msg>
<status status="PASS" starttime="20200220 19:09:53.438" endtime="20200220 19:09:53.850"></status>
</kw>
<msg timestamp="20200220 19:09:53.850" level="FAIL">NoSuchElementException: Message: Could not locate element with visible text: Jujuy
</msg>
<status status="FAIL" starttime="20200220 19:09:53.393" endtime="20200220 19:09:53.850"></status>
</kw>
<status status="FAIL" starttime="20200220 19:09:53.392" endtime="20200220 19:09:53.851"></status>
</kw>
<kw name="Log" library="BuiltIn" type="teardown">
<doc>Logs the given message with the given level.</doc>
<arguments>
<arg>FIn del test Case</arg>
</arguments>
<msg timestamp="20200220 19:09:53.851" level="INFO">FIn del test Case</msg>
<status status="PASS" starttime="20200220 19:09:53.851" endtime="20200220 19:09:53.851"></status>
</kw>
<doc>Se completan los dropdown</doc>
<tags>
<tag>003</tag>
<tag>smoke</tag>
</tags>
<status status="FAIL" starttime="20200220 19:09:49.246" endtime="20200220 19:09:53.851" critical="yes">NoSuchElementException: Message: Could not locate element with visible text: Jujuy
</status>
</test>
<kw name="Cerrar Navegador" library="keywords" type="teardown">
<kw name="Get Title" library="SeleniumLibrary">
<doc>Returns the title of current page.</doc>
<assign>
<var>${titulo}</var>
</assign>
<msg timestamp="20200220 19:09:53.856" level="INFO">${titulo} = Login &amp; Sign Up Forms</msg>
<status status="PASS" starttime="20200220 19:09:53.852" endtime="20200220 19:09:53.856"></status>
</kw>
<kw name="Log" library="BuiltIn">
<doc>Logs the given message with the given level.</doc>
<arguments>
<arg>Titulo de la pagina: ${titulo}</arg>
</arguments>
<msg timestamp="20200220 19:09:53.856" level="INFO">Titulo de la pagina: Login &amp; Sign Up Forms</msg>
<status status="PASS" starttime="20200220 19:09:53.856" endtime="20200220 19:09:53.856"></status>
</kw>
<kw name="Log" library="BuiltIn">
<doc>Logs the given message with the given level.</doc>
<arguments>
<arg>Fin de la Suite de pruebas</arg>
</arguments>
<msg timestamp="20200220 19:09:53.856" level="INFO">Fin de la Suite de pruebas</msg>
<status status="PASS" starttime="20200220 19:09:53.856" endtime="20200220 19:09:53.857"></status>
</kw>
<kw name="Close Browser" library="SeleniumLibrary">
<doc>Closes the current browser.</doc>
<status status="PASS" starttime="20200220 19:09:53.857" endtime="20200220 19:09:53.920"></status>
</kw>
<status status="PASS" starttime="20200220 19:09:53.852" endtime="20200220 19:09:53.920"></status>
</kw>
<doc>Suite de casos de pruebas con setup y teardown</doc>
<status status="FAIL" starttime="20200220 19:09:37.213" endtime="20200220 19:09:53.920"></status>
</suite>
<statistics>
<total>
<stat pass="2" fail="1">Critical Tests</stat>
<stat pass="2" fail="1">All Tests</stat>
</total>
<tag>
<stat pass="1" fail="0">001</stat>
<stat pass="1" fail="0">002</stat>
<stat pass="0" fail="1">003</stat>
<stat pass="2" fail="1">smoke</stat>
</tag>
<suite>
<stat pass="2" fail="1" id="s1" name="Setup Teardown">Setup Teardown</stat>
</suite>
</statistics>
<errors>
<msg timestamp="20200220 19:09:37.321" level="ERROR">Error in file '/home/juan/Documentos/GIT/ejercicios_robot_framework/setup/setup_teardown.robot': Library setting requires a name</msg>
</errors>
</robot>
